1000
-1.1707162770736974
-1.4577318527309047
-3.0244989676947753
-0.40968892456529943
1.1159936319078727
-0.8077737999661821
1.5806914679373552
0.9436618497364867
2.1409776697128104
0.9239924591671409
-1.901079323681655
-0.3938583030596332
1.5435609429187362
0.30173415858413505
-2.4012543335390975
0.17176644402845873
-0.09052029986581084
0.0026000588253190775
0.34023964199855294
-0.4287780453677961
0.3108061468381918
0.4234291767709091
0.49403311388764304
1.8054625664801938
-0.3037348315976215
-0.8910503798981125
1.970252658515737
0.11638199968865921
-0.2617890599218288
-1.5575602152651535
0.2775711850209607
0.06979950423945
0.9931813171094659
-1.2424195093858692
1.2176401036033402
-0.19914477538340622
1.1372330468632792
0.45900453389705653
0.30767441118945016
-0.8652815567875483
0.3888433435361553
-0.400515356617426
1.5404728430232768
0.6731840326802121
1.3421372028567982
0.7158619348755065
-1.0393197207198515
-0.2060252434410372
-0.1745076272542291
0.7636016775581332
-0.07511911525806098
0.5064779426904222
-1.091519228077966
0.7234386568552296
0.9128258143286914
1.2015460593364917
0.6117226806148589
-1.1291785083816377
-0.23908214889331564
-0.6261888467879347
1.0808796835479162
1.7844984220278497
-0.2963161274463844
-1.0400612789142984
-0.08619964441547212
-1.5316827669953947
-0.2760533560857349
0.6367692984278116
0.8209246300736077
2.3204647283932416
0.12374732329289086
0.8675452894524334
0.3215087102496826
1.9255561183321233
-0.9628894777475471
0.7405975119694815
1.2892337195663406
-1.9828600453183012
-1.1665534934793644
0.9767609246657548
0.004167824553227503
-0.13446523195507062
-0.40569637957163296
0.4386497472160725
1.1300873398955968
-0.0015816076790986498
0.5584811001543867
0.7359851301187655
-1.5654506010192792
-1.5604699178080352
-2.0811923773683056
-0.49993362143520687
0.005942145388244568
-0.08671388735835898
-0.07883934782868705
-0.7167803489651582
1.3511313754826686
-0.20666342555256617
0.08661575250771555
-0.9804555159744566
-0.023153044671246854
-0.053101085129530344
-0.1363491229346986
0.9576328252755175
-0.5574781694736485
-1.026174516479416
1.4035614870790154
0.8674725891933298
-1.3118011089925543
-2.0091555855264898
0.6283029883097233
-0.6541570832938788
0.5279020459694679
0.32137129503995676
-0.565626859515151
-2.394993076294707
0.34740338321259356
0.6655191749223841
-1.3988595997556106
0.25829009172171635
1.6773215909799135
0.8760451829844149
-0.7854100842461166
0.8779068384488842
0.48916561314135404
-0.7586516655371703
0.37670908997925856
1.2534385172001135
0.7732616321908375
-1.8409275479001865
0.09291193170032357
-1.4065718333309107
-0.43481941533196355
-0.20948892577058587
0.27432122486758403
-0.69202934900166
0.33792850006130715
1.4848357029417787
2.80443116721174
-0.5304156970180195
-1.3171351851320425
2.282524788563089
-1.1143150808945188
-0.2901712751047166
-0.5988868584018098
-0.5627863899720846
0.5804627594347066
-1.3448647222799015
-1.1837213018035107
0.33728228883298683
0.6485236032022621
-1.1154368990098313
-2.290317053132965
0.6767719034233322
-0.3034632208642785
-0.43366712211964836
-0.14420500076828696
-0.062020198991466595
2.5257868706736137
0.14568511155743769
-0.8006171135823831
-1.0779091945349426
0.03329789651220231
0.6298916882040089
0.6060939402085413
-1.365191116498107
-0.6812925889101801
0.6321199805450168
0.46436648726666624
0.8195730795983608
1.246859661382499
-0.3132379457798595
1.2949128588113257
-0.26939726503539047
0.6422448817264564
1.1897435523176698
-1.6206515158852308
0.4416661800306511
-1.0226491064462195
2.064222899422281
0.18343157890037026
-1.1382462710783574
2.2822386065249334
-0.6001796070203355
0.7204897567748273
-1.4846448656314195
0.05811926469663869
-2.51129823205593
0.04310895259082332
1.5332970848968976
-0.7070846411807158
0.7117263422444151
-0.6119281481823948
-1.6776622413990399
-0.552898695452087
1.0271325603402017
-2.7058235113311357
0.2290769230697435
0.42259272954852295
-0.907336548703763
-0.3658750884957114
1.332171854031007
0.9731807426881963
-0.11714537880177713
0.5028817735212954
1.5385336350364565
1.3151619053117298
1.4265490491269877
0.48737985180768784
-1.3268706613503032
1.247829527525779
0.7222479787280128
2.150515668052193
0.8613387641429241
-0.3532769495532405
2.305264055989011
2.431821046197531
-0.49952964866891997
-0.5376426478559948
-1.6846950059320056
-0.9638116146846352
-2.3552207158648373
0.3334915645867574
1.176010818090507
-0.3132558578105564
0.9096310137419853
0.22009712037590307
1.5592516444868472
0.6918895716462098
-0.7628799050713736
0.1285713436809485
-1.3555805482181422
-0.6450804885715878
0.688277613477869
-0.07974186821062135
0.06542134673739593
0.3468661546146386
-2.0117822445509543
0.8594303019817602
-1.6237309867527638
0.7118900081860966
-0.8225197266778109
1.5991774179384906
-0.8214529458928932
-1.0527693104565714
-0.6313763793253367
-0.5891686234707522
0.9688643096020275
-0.6805254399047197
0.6037210711568988
0.36152334806945036
1.150277904928051
1.9925200711616262
-0.3925569885486779
-1.588068713201257
-1.804282168075302
0.3608980856019726
-1.7893965058385228
0.395032581131215
-0.6634682594364893
2.1327163444903303
-0.616807706268071
-1.2004852710578355
1.5537243589351
1.0872763350451808
-0.3564415215724804
-1.6750437948099528
0.9150734768717812
0.24565679571284665
-1.5301222076603078
0.46267239564389584
-1.0129994032829122
-0.19678964898776627
0.7567395124048468
-2.4438352498612854
-1.482082598009373
1.3683732537339943
-0.49392900501024817
0.8973383072560575
-0.6455368097130451
-0.10106763396671244
1.3500650474417573
0.9184159736745089
-0.5708144805971788
-0.2882027196173289
-1.083915391897822
1.777662396586866
1.0372845952309198
2.5510432837080597
-1.0067118974404792
-2.308364165124942
-0.7377268217716961
0.45929740203127817
0.5993390863393572
1.3570162001361499
0.477269706729745
0.8642251627298336
-1.0926624681727113
0.17969448279788003
0.1427969427176326
1.4417479219150282
1.280096071289203
1.4817197817609664
0.10957987039804375
0.032787614026313985
1.4583322033881443
0.2191324842151437
-0.6502095731870852
-1.0457747007475457
-0.8681044806229562
-0.3172153071992181
-0.5640570349127875
0.8238249369143282
0.1086729612874272
-0.8784677062549935
1.0235258881062685
0.153737003991951
-0.4999509760160578
0.10744497277200417
-0.20806863308113074
-0.7810377618359126
0.24140268619553334
-0.15315994434678418
1.3922404497763385
-0.12559363391412467
1.1072715580477772
-0.4373079579607184
0.4975621048789498
-1.4443198038687852
-0.2745814901434597
-0.5190589301083683
1.0109259564164106
-1.1960082119461335
0.971360411991965
-0.777433165403258
0.23616863999394436
-0.7771715990202547
-0.06712710536733056
1.3959841832507625
0.5526094240448488
-0.3374296406796329
-0.576392460577836
-0.9536788853921133
0.23802619313252676
1.2463676905125047
-0.4817788638823944
-0.24878537955283375
0.9323770631831467
0.8532485354611368
-1.2822037381456484
2.2079365126686095
0.24691793928848574
1.8313492661058657
0.9089575113754363
-1.9959219745526617
1.2857784115934157
1.150769812353395
-3.054441006461224
-0.8063813114028886
1.074552328140891
-1.2552002076362396
-0.5863874328622461
1.1250286461611354
-0.4083561281402352
-1.2268490341731624
-0.6069488448361056
1.6484950172291335
-0.6650298800701728
-1.558009526655329
2.2639848103921105
-0.8732158193861057
0.2932790233662175
1.36815426053696
0.2190639780158775
2.251832157965197
0.8718646928737536
1.8979792340346229
-0.4146679287183053
2.1185210501207745
0.2336315527954873
-0.3793505853595676
0.9422471775617342
0.1492450802150328
-0.6821031834944897
-1.7582613417191972
1.768337718326022
-0.3181766586345557
0.42215087213677455
-0.5660104926523711
-1.6944993238248665
-0.1767797003870133
-0.13028588214110165
-2.527572337088641
1.2042668054141696
-0.27145389842767437
-0.06390131988439383
-2.433681019156562
-0.057371933713662546
-0.885509368305508
-1.806915251066166
0.6417232194234563
0.4753151217723486
1.1751050915250396
1.1226851659472987
1.0592975817359664
0.8767996350712077
0.38791814337113645
-1.3474085922763344
0.20069163489620548
1.183725200909811
-1.0478497814957846
0.45234234908784837
2.18723547399203
-1.7542950151877323
0.2649302689822656
-0.5411266731605409
0.11323105939772313
0.1445914312826141
-1.1574235540189233
-1.7810566611396437
-1.0511833568760864
-0.8283607300270873
-0.6113999666912132
2.2570268004202996
-1.734371469891037
-0.8909388819646787
-0.324602738850191
-0.5907960553049609
0.732469803548139
-0.9523032973815119
-0.41193730420731645
0.19891696084761015
-1.0842125073525044
-0.11176107040514884
0.3633174874868297
-0.6180973778161833
-0.2588994157471092
-0.8194217955006589
-0.9209569100212777
-0.550474600954961
-2.531654886101
1.9692744041179118
-0.7894802037019106
0.728017248710209
1.9318696618218876
1.7721716569421053
1.3060936274781139
0.8071539346185694
-0.26308738855236374
-1.9525921476083323
0.264204166284184
-1.7363140223097016
-0.503684551492207
-1.2919431986908254
0.6504675225015971
1.210237083425641
1.0061166633582348
-1.2011379357887157
0.26280046158722375
-0.04225376707968359
-0.23444234062854885
-1.7979750605864175
-1.253974092348594
-1.2612363112103038
0.4410503750606408
-1.644874556964922
2.0532758293559663
1.3131263360357321
0.11299596288153091
-1.2894694497424064
0.4064714512531377
-1.5172330866515937
-0.4582570021566667
0.2636090999341179
-0.5191945756521537
-0.7655601239904222
-2.648091336780896
-0.23826896639234607
0.2974775665847467
-0.7208186525607961
-0.4888920291844942
-0.4030409959091185
-0.6532252589809878
-0.19942587832811207
0.05582739487408995
0.3486145407093045
0.2936388594600782
0.2548815756329911
0.7475775722072996
1.59798473087367
0.20416043881404702
-2.4743879165341185
1.333692610703128
-0.2856411883990577
-0.1802604011541377
1.0383659695957594
1.7701452489080904
1.1367994287922547
0.8910427767260877
1.0985372454580618
0.03344863695718912
-0.9543745587574826
-0.7500649237476696
0.515489282056823
0.14892996537601758
0.14286430527768457
0.6261489048091038
0.44638764535274633
0.869533611698265
-0.9949657695843745
1.1503021312717638
0.9826038279078184
-1.877291547804523
0.5029053381544103
0.48506549618222383
-0.15133570652614092
-0.44428794730607485
-0.04753007371671738
-0.7001979437349216
0.9429755187881262
0.15897393120940753
3.2984113169013716
-0.7079699189022324
-0.0817067735558864
-0.8713495633453417
-0.4393690217665745
-0.7144359817210824
-0.5845888354470619
-0.6688810620905047
1.1350200426310302
0.5278458697897916
0.737653716852159
-1.0324020992961778
0.08219268281199116
-0.960939968205174
1.113523896721196
1.8393375322180923
0.8884799766778251
-1.2777375626649787
1.4826687943827361
-0.011602480934971125
-1.4514408215742007
0.49179458008691673
0.4736755382622483
0.40845096918830814
0.47220354898596345
-1.1470150565864494
-0.4068867488030556
0.4880027921028187
-1.4165529804112102
-0.07328977971641973
0.8569302059088909
-0.6138464273010004
-1.43689462078886
-0.8282897717295846
0.4808716789647945
0.9342298818987946
-1.1569955859983005
2.1604799116279447
2.8833054177105706
-0.25148305971631374
-1.4989611466471684
1.7144449165314248
0.5766442204261034
-0.7785750564747692
-0.8411161022349213
-0.5396422490878217
-0.6429836993879481
-1.8250005729128433
-1.6047537662865423
-0.5800845439970403
1.2660815630492908
-0.6923508583234743
0.4487063319871992
-0.6046486751612392
-0.9127791003847722
0.3840530862917901
-1.579268510602114
-1.839813702310443
-1.6305280869839778
0.26131548856777187
-2.3420668837851886
-1.2721997034849108
-0.854846041628269
0.7921580837168362
0.3435520305283647
0.016869976136949308
-1.2696364164153668
0.5847613795977589
2.240820361849709
0.4725699261711946
0.5081826260882386
1.6488006341686277
1.1127166241222624
1.7020889365014535
-2.456502811387216
-0.473096387715155
1.5263908603938248
-0.7357457700374763
-0.07833310540030337
-0.27817066472745156
-2.7905545525041435
-1.0520527524493788
1.2625488702656873
-0.8460031269334718
-1.451033784608605
1.4324102903657465
-0.7707412798673293
-0.8412008846347031
-1.078207925577606
0.3345158635589804
-0.6861319765830374
-2.633773546154826
-0.6208613713755025
0.2261336301285172
0.9904461046934028
0.6126288580164895
-0.2499399322058981
0.044914127212303846
1.652157157755442
0.9431550961520732
0.2804731107459904
-0.1330415016914246
0.8377881801591625
-2.1077238229780484
1.0169679401597085
0.006069687433971005
-0.1978189499368663
3.1025634234574815
-0.251406410109259
-0.8330625348879083
-1.639459802203404
1.0094462598960006
-0.49100958273335094
-0.922441163696117
-0.8326706501050629
-1.268879879690735
-0.03224299774160497
0.9093287543331519
0.7145604065589881
-0.7035255903912452
0.3346299229947224
-1.552450823419216
-0.35905073956233075
1.1245702308577266
-0.5019326926618907
-0.21783858942428702
0.26709237130392877
-1.16196392387976
-0.8814890582590559
2.064504669694331
-0.28780175027046206
-1.5672532374530281
0.1750361547678455
-1.3161736844013718
-0.5990947816989387
1.3401107501950809
1.390043135619916
-0.29976589186594965
1.4867586334886933
-0.3829507304916287
-0.42928670081664644
0.06659644793042756
3.1802420675011187
0.6409684806205971
0.23875651063804676
-0.8798541857593983
-0.6675232171271426
2.4090442260512104
-0.7305258166488362
1.7002780375970026
0.19631301710510451
-0.29397590969725806
0.2650830351103048
-0.6325279921551817
1.995962550430404
-0.6546903632819293
1.7583664897261915
-2.256257209427843
1.3161709661988223
-1.6277402444110893
0.6680485412865064
-0.8822570421591467
-0.9174375030621185
-0.47914526883290937
-0.5490659594870171
-0.7980386653097103
0.11057092026182731
0.9848910455864355
-0.09381921964262056
0.296948773474331
1.4763872965725595
0.6563879727104963
1.2327470241986087
0.7284084001693835
-0.17269975613300084
-0.8439542871730766
0.8075413066828897
1.2047348070992225
-0.37304998334457873
-1.2114161834975563
1.806756513842647
0.976127445635031
-0.9171268934396295
-0.34157680655990413
-0.8260332750368126
0.5246805778123971
2.5921137957881975
-0.06060330980170343
-1.701585260909967
-1.178714568258133
-1.0084848403144515
-1.179812275461108
1.4051843679155718
1.537261227348404
1.5806116762068507
-0.27498068715310525
1.211971778623413
1.040079699406372
1.511417827311037
-0.7800019720018716
-1.1597149793074468
-0.1280412576748448
1.8853352152463632
1.397459219967123
0.2194528595202107
-0.5664028999359623
-0.3582217973668427
-0.15972479034356316
0.5040584644749014
-0.828823872331103
0.2028291913497075
-1.7699601358467396
0.3516739355943243
-0.06946651607648967
-0.24073159350686674
1.1668522990331975
-0.095929675831813
2.251382799195752
-0.4448106156377331
0.5320426385291112
-0.5079871730898867
-0.3655276114668542
0.03952383914915729
-0.4438565639127398
1.110355125125279
0.4533163302432575
1.1324369325250914
-0.18479995412713346
-0.20559136284385696
-1.6800718551380422
-0.15470506323848604
0.08609759214675985
-0.886280645164879
-0.8748382491623338
-0.8149333518852644
-0.5812004744110829
-1.423467413642824
1.8273549552050272
0.017051226495281804
-1.5220477405156962
1.4754941418072676
0.45869091230495523
-1.2185527689618034
-3.1605981384391986
0.29874804051400744
-1.2969955365699495
1.5525205249849499
-4.504034119256265
2.043367526042657
1.7877498518242574
-1.086735851262491
-0.6959786674970683
-1.8888956599228746
0.1465657432334384
-0.8263187924191946
1.313724476118353
0.1783593032009954
1.0764147835585174
1.1104511582583567
-0.8501436391346461
3.490720055482872
1.8004879222578571
0.3394361703992813
0.6611595351444796
-1.0987696621424077
0.18962552788569917
-0.4167098416168628
1.7635877414636743
-0.8021694567461286
3.4142918797249853
0.38792318828221417
-0.7449040727918804
-1.4397695825356134
0.2886431026342684
-0.986514880380229
-0.33044974297478485
-3.2280595901955316
0.8657115926983758
0.8638540593135163
0.7988322908967039
-0.5337906890951586
-0.5603468838800779
1.9619961364764642
1.5313173369619997
-1.004370150359364
0.773725794036414
0.25022744067199354
0.11605035918123696
0.5241358516550544
0.07194762116017193
-0.12548210167079163
1.1694051718987195
0.35758898547225576
0.818074653294406
-0.8148036249200903
-3.0746310741193157
-0.9027013510305886
2.3735287300540002
-0.7331590603064653
0.7762011039629493
-0.8210302803962147
-1.740920565102821
0.5924722750900292
0.3834175951768859
1.1090588272961976
-1.400800739584794
0.5274350286975427
-0.7323201025367048
2.161023603308252
-0.8348417680355307
-1.7596637643329254
-1.857257122272577
1.1855803512036291
0.4666970972558341
0.03219885346286476
0.8782158074068686
-1.88373784073704
0.2442087086680211
-0.08067284516293927
0.9973524822120174
0.4030534446574209
-1.0873244632605923
-0.3129856741560192
-0.6708549307347944
1.051583880200621
-2.2774943040005335
-0.6021991162232319
-0.446736540166565
-0.02159335426346823
1.1824837016638508
-0.09680578644839781
0.2504740031923571
-1.8679190021055778
0.0027741373604150393
-0.7983803270702126
-1.3914438087696446
0.9797568923196351
-0.08264508562380994
0.5157115434161879
-0.48791140007856165
1.3067807822186572
-0.3333320585676964
0.9919064902583129
0.28284115773248675
-0.02543317185225391
0.48508647053392234
-0.08967130847679093
0.4032097497714883
0.21412758880246874
0.08273047655205468
-0.1489430938897877
-0.7703468063123371
0.7088385817371157
-0.6528375941716865
0.7786266677710914
0.5078449936808186
-1.1493940907784872
-0.9102147655839111
-1.7074623453498958
1.0238836921455714
1.8986791458493013
0.11902339234504898
0.28238151012979285
-0.600515225952784
0.7315286597699246
1.9115023668826472
-1.4191630367624652
-0.2916603133677092
-1.3946551598164383
2.0914657113233894
-0.6613885283177595
0.8080577200564486
0.5248554382793571
0.14646197760557728
0.48491903630034167
-0.5073784099111082
-2.473789494750778
-0.1529964006866071
-1.1550541299770285
0.24015293136980392
0.1961449107888911
-1.210660038287455
0.5689881076640033
-1.329346745343255
0.01720063096575216
-1.8709931207932855
0.4358850834143553
-0.41263411279553147
-1.4925761044897903
1.0085031136537992
2.0551927924208258
-0.139676688370817
0.1790672297008183
0.8766684040784312
-0.9003362248447071
-0.3947782054956339
-0.43311920984452545
2.5825457818436455
0.77065932285254
1.8374562685302325
0.26160533638765754
-0.2824272958713865
-0.0829217461095018
-2.1286210794493865
-0.09065534514816691
-0.6074641799575717
-0.8914013062440825
1.6134592783640225
0.47732029105273754
-1.155747258639742
-0.8928970132808918
1.9198829227696286
0.06764222842112733
0.8026027420360956
-1.7406399283942358
-0.7476717900786499
-0.3078282976544141
-0.05160747101295461
-0.06609930537294084
-1.4361349709308364
0.4127830087549005
-1.0346239361096219
-0.40579611721295245
-1.9191751080032735
0.01884968861939827
0.9417156219074305
0.2719285703156177
-0.6127678983451184
0.13087416904227692
-0.9418956295621596
-0.1236492882452202
1.3051656621759833
0.040027858808540165
-0.8834341641849172
-2.177141472535637
0.9539663834282393
-1.037509523300357
-0.8690342487814623
0.8893910340045137
-0.6505900142391584
0.9683705854271182
-1.0311677323344617
-0.1931993500335788
0.6968160365795523
1.5398424206611465
-0.34958067868122944
1.6399272060761672
-0.3683055837326284
0.13637966112369893
-1.910005886225309
1.044313273936778
-0.3191596853832875
1.370053273490041
1.4019036150059643
1.2641693954218047
0.07828867949408977
-0.09505922201238524
-0.8041073402375346
1.3877529101993153
1.1213114102071702
-0.1970586617080027
-1.911809082157882
0.8614979583273814
0.46951137325315795
1.1499723876840235
0.3075183912086028
0.520956607863178
-1.208659413435662
0.3872323447717421
1.7585690782140866
0.08505411529760074
-0.9770589927436084
0.6461726955715318
0.537606171980824
1.4055903296976824
-0.3343418286234901
-0.6049664821083467
0.6520352575527978
-0.26335055179643135

2.863922815123352E-20
